<?xml version="1.0" encoding="UTF-8"?>
<!-- Generated by org.testng.reporters.JUnitXMLReporter -->
<testsuite ignored="2" hostname="DESKTOP-6I8VA6F" failures="0" tests="3" name="Test" time="20.111" errors="0" timestamp="2020-04-22T14:26:40 IST">
  <testcase classname="com.selenium.test.webpageconfigurations" name="getBrowserWindowdimensions" time="0.055"/>
  <testcase classname="com.selenium.test.webpageconfigurations" name="setCookies" time="2.454"/>
  <testcase classname="com.selenium.test.webpageconfigurations" name="RefreshBrowser" time="7.628"/>
  <testcase classname="com.selenium.test.webpageconfigurations" name="setinitialBrowserWindow" time="0.0">
    <ignored/>
  </testcase> <!-- setinitialBrowserWindow -->
  <testcase classname="com.selenium.test.webpageconfigurations" name="getCookies" time="0.0">
    <ignored/>
  </testcase> <!-- getCookies -->
</testsuite> <!-- Test -->
