<?xml version="1.0" encoding="UTF-8"?>
<!-- Generated by org.testng.reporters.JUnitXMLReporter -->
<testsuite ignored="0" hostname="DESKTOP-6I8VA6F" failures="1" tests="2" name="Test" time="16.741" errors="0" timestamp="2020-04-15T16:27:25 IST">
  <testcase classname="com.selenium.test.webpageconfigurations" name="setCookies" time="0.014">
    <failure type="java.lang.NullPointerException">
      <![CDATA[java.lang.NullPointerException
at com.selenium.test.webpageconfigurations.setCookies(webpageconfigurations.java:41)
at java.base/java.util.ArrayList.forEach(ArrayList.java:1507)
... Removed 27 stack frames]]>
    </failure>
  </testcase> <!-- setCookies -->
  <testcase classname="com.selenium.test.webpageconfigurations" name="getCookies" time="4.859"/>
</testsuite> <!-- Test -->
