<?xml version="1.0" encoding="UTF-8"?>
<testng-results ignored="2" total="5" passed="3" failed="0" skipped="0">
  <reporter-output>
  </reporter-output>
  <suite started-at="2020-04-22T14:26:20 IST" name="Suite" finished-at="2020-04-22T14:26:40 IST" duration-ms="20111">
    <groups>
    </groups>
    <test started-at="2020-04-22T14:26:20 IST" name="Test" finished-at="2020-04-22T14:26:40 IST" duration-ms="20111">
      <class name="com.selenium.test.webpageconfigurations">
        <test-method is-config="true" signature="launchBrowser(java.lang.String, java.lang.String)[pri:0, instance:com.selenium.test.webpageconfigurations@41fbdac4]" started-at="2020-04-22T14:26:20 IST" name="launchBrowser" finished-at="2020-04-22T14:26:29 IST" duration-ms="8999" status="PASS">
          <params>
            <param index="0">
              <value>
                <![CDATA[chrome]]>
              </value>
            </param>
            <param index="1">
              <value>
                <![CDATA[all]]>
              </value>
            </param>
          </params>
          <reporter-output>
          </reporter-output>
        </test-method> <!-- launchBrowser -->
        <test-method signature="getBrowserWindowdimensions()[pri:1, instance:com.selenium.test.webpageconfigurations@41fbdac4]" started-at="2020-04-22T14:26:29 IST" name="getBrowserWindowdimensions" finished-at="2020-04-22T14:26:29 IST" duration-ms="55" status="PASS">
          <reporter-output>
          </reporter-output>
        </test-method> <!-- getBrowserWindowdimensions -->
        <test-method signature="setCookies()[pri:3, instance:com.selenium.test.webpageconfigurations@41fbdac4]" started-at="2020-04-22T14:26:29 IST" name="setCookies" finished-at="2020-04-22T14:26:32 IST" duration-ms="2454" status="PASS">
          <reporter-output>
          </reporter-output>
        </test-method> <!-- setCookies -->
        <test-method signature="RefreshBrowser()[pri:4, instance:com.selenium.test.webpageconfigurations@41fbdac4]" started-at="2020-04-22T14:26:32 IST" name="RefreshBrowser" finished-at="2020-04-22T14:26:39 IST" duration-ms="7628" status="PASS">
          <reporter-output>
          </reporter-output>
        </test-method> <!-- RefreshBrowser -->
        <test-method is-config="true" signature="close()[pri:0, instance:com.selenium.test.webpageconfigurations@41fbdac4]" started-at="2020-04-22T14:26:39 IST" name="close" finished-at="2020-04-22T14:26:40 IST" duration-ms="902" status="PASS">
          <reporter-output>
          </reporter-output>
        </test-method> <!-- close -->
      </class> <!-- com.selenium.test.webpageconfigurations -->
    </test> <!-- Test -->
  </suite> <!-- Suite -->
</testng-results>
