<?xml version="1.0" encoding="UTF-8"?>
<testng-results ignored="0" total="2" passed="1" failed="1" skipped="0">
  <reporter-output>
  </reporter-output>
  <suite started-at="2020-04-15T16:27:08 IST" name="Suite" finished-at="2020-04-15T16:27:25 IST" duration-ms="16741">
    <groups>
    </groups>
    <test started-at="2020-04-15T16:27:08 IST" name="Test" finished-at="2020-04-15T16:27:25 IST" duration-ms="16741">
      <class name="com.selenium.test.webpageconfigurations">
        <test-method is-config="true" signature="launchBrowser(java.lang.String, java.lang.String)[pri:0, instance:com.selenium.test.webpageconfigurations@27ce24aa]" started-at="2020-04-15T16:27:08 IST" name="launchBrowser" finished-at="2020-04-15T16:27:19 IST" duration-ms="10346" status="PASS">
          <params>
            <param index="0">
              <value>
                <![CDATA[chrome]]>
              </value>
            </param>
            <param index="1">
              <value>
                <![CDATA[all]]>
              </value>
            </param>
          </params>
          <reporter-output>
          </reporter-output>
        </test-method> <!-- launchBrowser -->
        <test-method signature="setCookies()[pri:0, instance:com.selenium.test.webpageconfigurations@27ce24aa]" started-at="2020-04-15T16:27:19 IST" name="setCookies" finished-at="2020-04-15T16:27:19 IST" duration-ms="14" status="FAIL">
          <exception class="java.lang.NullPointerException">
            <full-stacktrace>
              <![CDATA[java.lang.NullPointerException
at com.selenium.test.webpageconfigurations.setCookies(webpageconfigurations.java:41)
at java.base/jdk.internal.reflect.NativeMethodAccessorImpl.invoke0(Native Method)
at java.base/jdk.internal.reflect.NativeMethodAccessorImpl.invoke(NativeMethodAccessorImpl.java:62)
at java.base/jdk.internal.reflect.DelegatingMethodAccessorImpl.invoke(DelegatingMethodAccessorImpl.java:43)
at java.base/java.lang.reflect.Method.invoke(Method.java:567)
at org.testng.internal.MethodInvocationHelper.invokeMethod(MethodInvocationHelper.java:133)
at org.testng.internal.TestInvoker.invokeMethod(TestInvoker.java:584)
at org.testng.internal.TestInvoker.invokeTestMethod(TestInvoker.java:172)
at org.testng.internal.MethodRunner.runInSequence(MethodRunner.java:46)
at org.testng.internal.TestInvoker$MethodInvocationAgent.invoke(TestInvoker.java:804)
at org.testng.internal.TestInvoker.invokeTestMethods(TestInvoker.java:145)
at org.testng.internal.TestMethodWorker.invokeTestMethods(TestMethodWorker.java:146)
at org.testng.internal.TestMethodWorker.run(TestMethodWorker.java:128)
at java.base/java.util.ArrayList.forEach(ArrayList.java:1507)
at org.testng.TestRunner.privateRun(TestRunner.java:770)
at org.testng.TestRunner.run(TestRunner.java:591)
at org.testng.SuiteRunner.runTest(SuiteRunner.java:402)
at org.testng.SuiteRunner.runSequentially(SuiteRunner.java:396)
at org.testng.SuiteRunner.privateRun(SuiteRunner.java:355)
at org.testng.SuiteRunner.run(SuiteRunner.java:304)
at org.testng.SuiteRunnerWorker.runSuite(SuiteRunnerWorker.java:53)
at org.testng.SuiteRunnerWorker.run(SuiteRunnerWorker.java:96)
at org.testng.TestNG.runSuitesSequentially(TestNG.java:1180)
at org.testng.TestNG.runSuitesLocally(TestNG.java:1102)
at org.testng.TestNG.runSuites(TestNG.java:1032)
at org.testng.TestNG.run(TestNG.java:1000)
at org.testng.remote.AbstractRemoteTestNG.run(AbstractRemoteTestNG.java:115)
at org.testng.remote.RemoteTestNG.initAndRun(RemoteTestNG.java:251)
at org.testng.remote.RemoteTestNG.main(RemoteTestNG.java:77)
]]>
            </full-stacktrace>
          </exception> <!-- java.lang.NullPointerException -->
          <reporter-output>
          </reporter-output>
        </test-method> <!-- setCookies -->
        <test-method signature="getCookies()[pri:1, instance:com.selenium.test.webpageconfigurations@27ce24aa]" started-at="2020-04-15T16:27:19 IST" name="getCookies" finished-at="2020-04-15T16:27:24 IST" duration-ms="4859" status="PASS">
          <reporter-output>
          </reporter-output>
        </test-method> <!-- getCookies -->
        <test-method is-config="true" signature="close()[pri:0, instance:com.selenium.test.webpageconfigurations@27ce24aa]" started-at="2020-04-15T16:27:24 IST" name="close" finished-at="2020-04-15T16:27:25 IST" duration-ms="1427" status="PASS">
          <reporter-output>
          </reporter-output>
        </test-method> <!-- close -->
      </class> <!-- com.selenium.test.webpageconfigurations -->
    </test> <!-- Test -->
  </suite> <!-- Suite -->
</testng-results>
